<?xml version="1.0" encoding="UTF-8"?>
<testsuite name="com.example.project.TestFibonacci" tests="5" skipped="0" failures="0" errors="0" timestamp="2025-01-10T02:24:30" hostname="codespaces-abdea9" time="0.049">
  <properties/>
  <testcase name="testGetIndexOf()" classname="com.example.project.TestFibonacci" time="0.001"/>
  <testcase name="testGetSequence()" classname="com.example.project.TestFibonacci" time="0.007"/>
  <testcase name="testExtendBy()" classname="com.example.project.TestFibonacci" time="0.003"/>
  <testcase name="testFibonacciString()" classname="com.example.project.TestFibonacci" time="0.023"/>
  <testcase name="testConstructor()" classname="com.example.project.TestFibonacci" time="0.006"/>
  <system-out><![CDATA[]]></system-out>
  <system-err><![CDATA[]]></system-err>
</testsuite>
